<?xml version="1.0" encoding="UTF-8"?>
<testsuite name="hw04.GenericPriorityQueueTest" tests="7" skipped="0" failures="0" errors="0" timestamp="2024-03-25T02:49:15" hostname="AppledeMacBook-Air-2.local" time="0.019">
  <properties/>
  <testcase name="getMax()" classname="hw04.GenericPriorityQueueTest" time="0.012"/>
  <testcase name="popMaxExcpetion()" classname="hw04.GenericPriorityQueueTest" time="0.001"/>
  <testcase name="popMax()" classname="hw04.GenericPriorityQueueTest" time="0.001"/>
  <testcase name="add()" classname="hw04.GenericPriorityQueueTest" time="0.001"/>
  <testcase name="peek()" classname="hw04.GenericPriorityQueueTest" time="0.0"/>
  <testcase name="getMaxException()" classname="hw04.GenericPriorityQueueTest" time="0.0"/>
  <testcase name="isEmpty()" classname="hw04.GenericPriorityQueueTest" time="0.001"/>
  <system-out><![CDATA[]]></system-out>
  <system-err><![CDATA[]]></system-err>
</testsuite>
